-------------------------------------------
Batch: 0
-------------------------------------------
+--------------------+-----+
|            customer|score|
+--------------------+-----+
|Gail.Howard@test.com|-48.5|
|Edward.Mitra@test...|  3.0|
|Christina.Anderso...|  1.0|
|Jane.Phillips@tes...|-14.5|
|Suresh.Doshi@test...| 19.5|
|Bobby.Ahmed@test.com| -4.5|
| Jane.Olson@test.com| -3.5|
|Craig.Olson@test.com| -2.5|
| Dan.Howard@test.com| -4.0|
|Danny.Mitra@test.com| -4.5|
|Sarah.Fibonnaci@t...| -3.0|
|Craig.Smith@test.com| -2.0|
| Larry.Huey@test.com| -4.0|
|Bobby.Mitra@test.com| -4.0|
|Senthil.Doshi@tes...| -5.0|
|Sarah.Doshi@test.com| -2.5|
|Chris.Sanchez@tes...| 19.0|
|Senthil.Harris@te...|-14.5|
|Christina.Gonzale...| -1.5|
|Sean.Jackson@test...| -9.5|
+--------------------+-----+
only showing top 20 rows

-------------------------------------------
Batch: 1
-------------------------------------------
+--------------------+-----+
|            customer|score|
+--------------------+-----+
|Jason.Jefferson@t...|-13.5|
|John.Jefferson@te...| 34.5|
+--------------------+-----+

-------------------------------------------
Batch: 2
-------------------------------------------
+--------------------+-----+
|            customer|score|
+--------------------+-----+
|Suresh.Smith@test...|-27.5|
+--------------------+-----+

-------------------------------------------
Batch: 3
-------------------------------------------
+--------------------+-----+
|            customer|score|
+--------------------+-----+
|Ashley.Lincoln@te...|  8.5|
+--------------------+-----+

-------------------------------------------
Batch: 4
-------------------------------------------
+--------------------+-----+
|            customer|score|
+--------------------+-----+
|Senthil.Anandh@te...| -6.5|
+--------------------+-----+

-------------------------------------------
Batch: 5
-------------------------------------------
+--------------------+-----+
|            customer|score|
+--------------------+-----+
|Trevor.Doshi@test...| 38.0|
+--------------------+-----+

-------------------------------------------
Batch: 6
-------------------------------------------
+--------------------+-----+
|            customer|score|
+--------------------+-----+
|Gail.Howard@test.com|-17.5|
+--------------------+-----+

