Spark Command: /usr/lib/jvm/java-8-openjdk-amd64/jre/bin/java -cp /opt/spark-2.3.4-bin-hadoop2.7/conf/:/opt/spark-2.3.4-bin-hadoop2.7/jars/* -Xmx1g org.apache.spark.deploy.master.Master --host b0f0e57aaec2 --port 7077 --webui-port 8080
========================================
2022-08-16 21:06:56 INFO  Master:2612 - Started daemon with process name: 1592@b0f0e57aaec2
2022-08-16 21:06:56 INFO  SignalUtils:54 - Registered signal handler for TERM
2022-08-16 21:06:56 INFO  SignalUtils:54 - Registered signal handler for HUP
2022-08-16 21:06:56 INFO  SignalUtils:54 - Registered signal handler for INT
2022-08-16 21:06:57 WARN  NativeCodeLoader:62 - Unable to load native-hadoop library for your platform... using builtin-java classes where applicable
2022-08-16 21:06:57 INFO  SecurityManager:54 - Changing view acls to: root
2022-08-16 21:06:57 INFO  SecurityManager:54 - Changing modify acls to: root
2022-08-16 21:06:57 INFO  SecurityManager:54 - Changing view acls groups to: 
2022-08-16 21:06:57 INFO  SecurityManager:54 - Changing modify acls groups to: 
2022-08-16 21:06:57 INFO  SecurityManager:54 - SecurityManager: authentication disabled; ui acls disabled; users  with view permissions: Set(root); groups with view permissions: Set(); users  with modify permissions: Set(root); groups with modify permissions: Set()
2022-08-16 21:06:58 INFO  Utils:54 - Successfully started service 'sparkMaster' on port 7077.
2022-08-16 21:06:58 INFO  Master:54 - Starting Spark master at spark://b0f0e57aaec2:7077
2022-08-16 21:06:58 INFO  Master:54 - Running Spark version 2.3.4
2022-08-16 21:06:58 INFO  log:192 - Logging initialized @4825ms
2022-08-16 21:06:59 INFO  Server:351 - jetty-9.3.z-SNAPSHOT, build timestamp: unknown, git hash: unknown
2022-08-16 21:06:59 INFO  Server:419 - Started @5036ms
2022-08-16 21:06:59 INFO  AbstractConnector:278 - Started ServerConnector@7e546ba9{HTTP/1.1,[http/1.1]}{0.0.0.0:8080}
2022-08-16 21:06:59 INFO  Utils:54 - Successfully started service 'MasterUI' on port 8080.
2022-08-16 21:06:59 INFO  ContextHandler:781 - Started o.s.j.s.ServletContextHandler@5b883243{/app,null,AVAILABLE,@Spark}
2022-08-16 21:06:59 INFO  ContextHandler:781 - Started o.s.j.s.ServletContextHandler@3384e6cf{/app/json,null,AVAILABLE,@Spark}
2022-08-16 21:06:59 INFO  ContextHandler:781 - Started o.s.j.s.ServletContextHandler@76481e02{/,null,AVAILABLE,@Spark}
2022-08-16 21:06:59 INFO  ContextHandler:781 - Started o.s.j.s.ServletContextHandler@74802d09{/json,null,AVAILABLE,@Spark}
2022-08-16 21:06:59 INFO  ContextHandler:781 - Started o.s.j.s.ServletContextHandler@60a60fc8{/static,null,AVAILABLE,@Spark}
2022-08-16 21:06:59 INFO  ContextHandler:781 - Started o.s.j.s.ServletContextHandler@6c4c45b3{/app/kill,null,AVAILABLE,@Spark}
2022-08-16 21:06:59 INFO  ContextHandler:781 - Started o.s.j.s.ServletContextHandler@24ff7912{/driver/kill,null,AVAILABLE,@Spark}
2022-08-16 21:06:59 INFO  MasterWebUI:54 - Bound MasterWebUI to 0.0.0.0, and started at http://b0f0e57aaec2:8080
2022-08-16 21:06:59 INFO  Server:351 - jetty-9.3.z-SNAPSHOT, build timestamp: unknown, git hash: unknown
2022-08-16 21:06:59 INFO  ContextHandler:781 - Started o.s.j.s.ServletContextHandler@69b9b19f{/,null,AVAILABLE}
2022-08-16 21:06:59 INFO  AbstractConnector:278 - Started ServerConnector@67d2d207{HTTP/1.1,[http/1.1]}{b0f0e57aaec2:6066}
2022-08-16 21:06:59 INFO  Server:419 - Started @5342ms
2022-08-16 21:06:59 INFO  Utils:54 - Successfully started service on port 6066.
2022-08-16 21:06:59 INFO  StandaloneRestServer:54 - Started REST server for submitting applications on port 6066
2022-08-16 21:06:59 INFO  ContextHandler:781 - Started o.s.j.s.ServletContextHandler@47677626{/metrics/master/json,null,AVAILABLE,@Spark}
2022-08-16 21:06:59 INFO  ContextHandler:781 - Started o.s.j.s.ServletContextHandler@63b194d0{/metrics/applications/json,null,AVAILABLE,@Spark}
2022-08-16 21:06:59 INFO  Master:54 - I have been elected leader! New state: ALIVE
